[2020-07-13T12:09:03.333] [DEBUG] cheese - login => username:admin,password:123456
[2020-07-13T12:09:03.334] [DEBUG] cheese - admin
[2020-07-13T12:09:03.347] [DEBUG] cheese - null
[2020-07-13T12:09:03.348] [DEBUG] cheese - null
[2020-07-15T13:35:51.769] [DEBUG] cheese - login => username:admin,password:123456
[2020-07-15T13:35:51.771] [DEBUG] cheese - admin
[2020-07-15T13:35:51.788] [DEBUG] cheese - null
[2020-07-15T13:35:51.788] [DEBUG] cheese - null
[2020-07-15T13:36:12.290] [DEBUG] cheese - login => username:admin,password:123456
[2020-07-15T13:36:12.290] [DEBUG] cheese - admin
[2020-07-15T13:36:12.292] [DEBUG] cheese - null
[2020-07-15T13:36:12.293] [DEBUG] cheese - null
[2020-07-15T14:56:48.308] [DEBUG] cheese - login => username:admin,password:123456
[2020-07-15T14:56:48.308] [DEBUG] cheese - admin
[2020-07-15T14:56:48.311] [DEBUG] cheese - null
[2020-07-15T14:56:48.311] [DEBUG] cheese - null
[2020-07-15T14:57:02.271] [DEBUG] cheese - login => username:admin,password:123456
[2020-07-15T14:57:02.271] [DEBUG] cheese - admin
[2020-07-15T14:57:02.273] [DEBUG] cheese - null
[2020-07-15T14:57:02.274] [DEBUG] cheese - null
[2020-07-15T14:57:04.798] [DEBUG] cheese - login => username:admin,password:123456
[2020-07-15T14:57:04.798] [DEBUG] cheese - admin
[2020-07-15T14:57:04.801] [DEBUG] cheese - null
[2020-07-15T14:57:04.801] [DEBUG] cheese - null
[2020-07-15T16:09:19.962] [DEBUG] cheese - login => username:admin,password:123456
[2020-07-15T16:09:19.962] [DEBUG] cheese - admin
[2020-07-15T16:09:19.966] [DEBUG] cheese - null
[2020-07-15T16:09:19.966] [DEBUG] cheese - null
[2020-07-15T16:09:41.750] [DEBUG] cheese - login => username:admin,password:123456
[2020-07-15T16:09:41.750] [DEBUG] cheese - admin
[2020-07-15T16:09:41.753] [DEBUG] cheese - null
[2020-07-15T16:09:41.754] [DEBUG] cheese - null
[2020-07-15T16:09:47.463] [DEBUG] cheese - login => username:admin,password:123456
[2020-07-15T16:09:47.463] [DEBUG] cheese - admin
[2020-07-15T16:09:47.465] [DEBUG] cheese - null
[2020-07-15T16:09:47.466] [DEBUG] cheese - null
[2020-07-15T16:10:17.950] [DEBUG] cheese - login => username:admin,password:123456
[2020-07-15T16:10:17.950] [DEBUG] cheese - admin
[2020-07-15T16:10:17.952] [DEBUG] cheese - null
[2020-07-15T16:10:17.952] [DEBUG] cheese - null
[2020-07-16T08:54:17.985] [DEBUG] cheese - login => username:admin,password:123456
[2020-07-16T08:54:17.987] [DEBUG] cheese - admin
[2020-07-16T08:54:18.001] [DEBUG] cheese - null
[2020-07-16T08:54:18.001] [DEBUG] cheese - null
[2020-07-16T09:15:37.092] [DEBUG] cheese - login => username:admin,password:123456
[2020-07-16T09:15:37.094] [DEBUG] cheese - admin
[2020-07-16T09:15:37.097] [DEBUG] cheese - null
[2020-07-16T09:15:37.097] [DEBUG] cheese - null
[2020-07-16T09:16:43.305] [DEBUG] cheese - login => username:admin,password:123456
[2020-07-16T09:16:43.305] [DEBUG] cheese - admin
[2020-07-16T09:16:43.309] [DEBUG] cheese - null
[2020-07-16T09:16:43.309] [DEBUG] cheese - null
[2020-07-16T09:30:02.608] [DEBUG] cheese - login => username:admin,password:123456
[2020-07-16T09:30:02.609] [DEBUG] cheese - admin
[2020-07-16T09:30:02.611] [DEBUG] cheese - null
[2020-07-16T09:30:02.611] [DEBUG] cheese - null
[2020-07-16T09:30:26.279] [DEBUG] cheese - login => username:admin,password:123456
[2020-07-16T09:30:26.279] [DEBUG] cheese - admin
[2020-07-16T09:30:26.282] [DEBUG] cheese - null
[2020-07-16T09:30:26.282] [DEBUG] cheese - null
[2020-07-16T09:31:03.070] [DEBUG] cheese - login => username:admin,password:123456
[2020-07-16T09:31:03.070] [DEBUG] cheese - admin
[2020-07-16T09:31:03.073] [DEBUG] cheese - null
[2020-07-16T09:31:03.073] [DEBUG] cheese - null
[2020-07-16T09:31:09.646] [DEBUG] cheese - login => username:admin,password:123456
[2020-07-16T09:31:09.647] [DEBUG] cheese - admin
[2020-07-16T09:31:09.649] [DEBUG] cheese - null
[2020-07-16T09:31:09.649] [DEBUG] cheese - null
[2020-07-16T09:31:25.231] [DEBUG] cheese - login => username:admin,password:123456
[2020-07-16T09:31:25.231] [DEBUG] cheese - admin
[2020-07-16T09:31:25.235] [DEBUG] cheese - null
[2020-07-16T09:31:25.235] [DEBUG] cheese - null
[2020-07-16T09:31:45.396] [DEBUG] cheese - login => username:admin,password:123456
[2020-07-16T09:31:45.396] [DEBUG] cheese - admin
[2020-07-16T09:31:45.399] [DEBUG] cheese - null
[2020-07-16T09:31:45.399] [DEBUG] cheese - null
[2020-07-16T09:31:50.752] [DEBUG] cheese - login => username:admin,password:123456
[2020-07-16T09:31:50.752] [DEBUG] cheese - admin
[2020-07-16T09:31:50.754] [DEBUG] cheese - null
[2020-07-16T09:31:50.754] [DEBUG] cheese - null
[2020-07-16T09:32:26.210] [DEBUG] cheese - login => username:admin,password:123456
[2020-07-16T09:32:26.210] [DEBUG] cheese - admin
[2020-07-16T09:32:26.212] [DEBUG] cheese - null
[2020-07-16T09:32:26.212] [DEBUG] cheese - null
[2020-07-16T09:32:39.710] [DEBUG] cheese - login => username:admin,password:123456
[2020-07-16T09:32:39.710] [DEBUG] cheese - admin
[2020-07-16T09:32:39.712] [DEBUG] cheese - null
[2020-07-16T09:32:39.712] [DEBUG] cheese - null
[2020-07-16T09:32:58.255] [DEBUG] cheese - login => username:admin,password:123456
[2020-07-16T09:32:58.255] [DEBUG] cheese - admin
[2020-07-16T09:32:58.258] [DEBUG] cheese - null
[2020-07-16T09:32:58.258] [DEBUG] cheese - null
[2020-07-16T09:33:10.739] [DEBUG] cheese - login => username:admin,password:123456
[2020-07-16T09:33:10.739] [DEBUG] cheese - admin
[2020-07-16T09:33:10.746] [DEBUG] cheese - null
[2020-07-16T09:33:10.746] [DEBUG] cheese - null
[2020-07-16T17:04:33.296] [DEBUG] cheese - login => username:admin,password:123456
[2020-07-16T17:04:33.300] [DEBUG] cheese - admin
[2020-07-16T17:04:33.310] [DEBUG] cheese - null
[2020-07-16T17:04:33.311] [DEBUG] cheese - null
[2020-07-27T14:31:43.858] [DEBUG] cheese - login => username:admin,password:123456
[2020-07-27T14:31:43.861] [DEBUG] cheese - admin
[2020-07-27T14:31:43.878] [DEBUG] cheese - null
[2020-07-27T14:31:43.879] [DEBUG] cheese - null
[2020-07-28T15:19:32.361] [DEBUG] cheese - login => username:admin,password:123456
[2020-07-28T15:19:32.363] [DEBUG] cheese - admin
[2020-07-28T15:19:32.374] [DEBUG] cheese - null
[2020-07-28T15:19:32.375] [DEBUG] cheese - null
[2020-08-03T09:31:43.697] [DEBUG] cheese - login => username:admin,password:123456
[2020-08-03T09:31:43.699] [DEBUG] cheese - admin
[2020-08-03T09:31:43.795] [DEBUG] cheese - null
[2020-08-03T09:31:43.796] [DEBUG] cheese - null
[2020-08-03T09:35:08.264] [DEBUG] cheese - login => username:admin,password:123456
[2020-08-03T09:35:08.264] [DEBUG] cheese - admin
[2020-08-03T09:35:08.272] [DEBUG] cheese - null
[2020-08-03T09:35:08.272] [DEBUG] cheese - null
[2020-08-21T14:24:42.356] [DEBUG] cheese - login => username:admin,password:123456
[2020-08-21T14:24:42.358] [DEBUG] cheese - admin
[2020-08-21T14:24:42.376] [DEBUG] cheese - null
[2020-08-21T14:24:42.376] [DEBUG] cheese - null
[2020-08-26T09:17:08.048] [DEBUG] cheese - login => username:admin,password:123456
[2020-08-26T09:17:08.049] [DEBUG] cheese - admin
[2020-08-26T09:17:08.066] [DEBUG] cheese - null
[2020-08-26T09:17:08.067] [DEBUG] cheese - null
[2020-08-27T10:57:27.773] [DEBUG] cheese - login => username:admin,password:123456
[2020-08-27T10:57:27.776] [DEBUG] cheese - admin
[2020-08-27T10:57:27.810] [DEBUG] cheese - null
[2020-08-27T10:57:27.811] [DEBUG] cheese - null
[2020-08-28T13:11:07.657] [DEBUG] cheese - login => username:admin,password:123456
[2020-08-28T13:11:07.659] [DEBUG] cheese - admin
[2020-08-28T13:11:07.674] [DEBUG] cheese - null
[2020-08-28T13:11:07.675] [DEBUG] cheese - null
[2020-08-28T14:39:50.375] [DEBUG] cheese - login => username:admin,password:123456
[2020-08-28T14:39:50.378] [DEBUG] cheese - admin
[2020-08-28T14:39:50.395] [DEBUG] cheese - null
[2020-08-28T14:39:50.395] [DEBUG] cheese - null
[2020-08-28T14:45:01.926] [DEBUG] cheese - login => username:admin,password:1234561
[2020-08-28T14:45:01.926] [DEBUG] cheese - admin
[2020-08-28T14:45:01.933] [DEBUG] cheese - null
[2020-08-28T14:45:01.933] [DEBUG] cheese - null
[2020-08-28T14:45:06.210] [DEBUG] cheese - login => username:admin,password:123456
[2020-08-28T14:45:06.211] [DEBUG] cheese - admin
[2020-08-28T14:45:06.214] [DEBUG] cheese - null
[2020-08-28T14:45:06.214] [DEBUG] cheese - null
[2020-08-28T14:59:24.132] [DEBUG] cheese - login => username:admin,password:123456
[2020-08-28T14:59:24.132] [DEBUG] cheese - admin
[2020-08-28T14:59:24.136] [DEBUG] cheese - null
[2020-08-28T14:59:24.136] [DEBUG] cheese - null
[2020-08-31T17:12:24.351] [DEBUG] cheese - login => username:admin,password:123456
[2020-08-31T17:12:24.354] [DEBUG] cheese - admin
[2020-08-31T17:12:24.390] [DEBUG] cheese - null
[2020-08-31T17:12:24.390] [DEBUG] cheese - null
[2020-09-01T08:31:59.987] [DEBUG] cheese - login => username:admin,password:123456
[2020-09-01T08:31:59.989] [DEBUG] cheese - admin
[2020-09-01T08:32:00.108] [DEBUG] cheese - null
[2020-09-01T08:32:00.109] [DEBUG] cheese - null
[2020-09-01T08:32:25.016] [DEBUG] cheese - login => username:admin,password:123456
[2020-09-01T08:32:25.016] [DEBUG] cheese - admin
[2020-09-01T08:32:25.019] [DEBUG] cheese - null
[2020-09-01T08:32:25.019] [DEBUG] cheese - null
[2020-09-01T09:04:25.880] [DEBUG] cheese - null
[2021-01-04T13:55:34.437] [DEBUG] cheese - login => username:admin,password:123456
[2021-01-04T13:55:34.439] [DEBUG] cheese - admin
[2021-01-04T13:55:34.456] [DEBUG] cheese - null
[2021-01-04T13:55:34.456] [DEBUG] cheese - null
[2021-01-04T13:56:02.633] [DEBUG] cheese - login => username:admin,password:123456
[2021-01-04T13:56:02.633] [DEBUG] cheese - admin
[2021-01-04T13:56:02.641] [DEBUG] cheese - null
[2021-01-04T13:56:02.641] [DEBUG] cheese - null
[2021-01-04T13:58:45.652] [DEBUG] cheese - login => username:admin,password:123456
[2021-01-04T13:58:45.652] [DEBUG] cheese - admin
[2021-01-04T13:58:45.659] [DEBUG] cheese - null
[2021-01-04T13:58:45.659] [DEBUG] cheese - null
[2021-01-04T13:58:50.008] [DEBUG] cheese - login => username:admin,password:123456
[2021-01-04T13:58:50.008] [DEBUG] cheese - admin
[2021-01-04T13:58:50.014] [DEBUG] cheese - null
[2021-01-04T13:58:50.014] [DEBUG] cheese - null
[2021-01-04T13:59:59.195] [DEBUG] cheese - login => username:admin,password:123456
[2021-01-04T13:59:59.195] [DEBUG] cheese - admin
[2021-01-04T13:59:59.199] [DEBUG] cheese - null
[2021-01-04T13:59:59.199] [DEBUG] cheese - null
[2021-01-04T14:00:43.310] [DEBUG] cheese - login => username:admin,password:123456
[2021-01-04T14:00:43.310] [DEBUG] cheese - admin
[2021-01-04T14:00:43.313] [DEBUG] cheese - null
[2021-01-04T14:00:43.313] [DEBUG] cheese - null
[2021-01-04T14:01:09.255] [DEBUG] cheese - login => username:admin,password:123456
[2021-01-04T14:01:09.255] [DEBUG] cheese - admin
[2021-01-04T14:01:09.257] [DEBUG] cheese - null
[2021-01-04T14:01:09.257] [DEBUG] cheese - null
[2021-01-04T14:13:10.894] [DEBUG] cheese - login => username:admin,password:123456
[2021-01-04T14:13:10.894] [DEBUG] cheese - admin
[2021-01-04T14:13:10.899] [DEBUG] cheese - null
[2021-01-04T14:13:10.899] [DEBUG] cheese - null
[2021-01-05T09:31:59.231] [DEBUG] cheese - login => username:a,password:123
[2021-01-05T09:31:59.234] [DEBUG] cheese - a
[2021-01-05T09:31:59.247] [DEBUG] cheese - null
[2021-01-05T09:31:59.247] [DEBUG] cheese - null
[2021-01-05T09:32:54.577] [DEBUG] cheese - login => username:admin,password:123456
[2021-01-05T09:32:54.577] [DEBUG] cheese - admin
[2021-01-05T09:32:54.583] [DEBUG] cheese - null
[2021-01-05T09:32:54.583] [DEBUG] cheese - null
[2021-01-05T14:58:00.802] [DEBUG] cheese - login => username:5454,password:6+5+5
[2021-01-05T14:58:00.805] [DEBUG] cheese - 5454
[2021-01-05T14:58:00.924] [DEBUG] cheese - null
[2021-01-05T14:58:00.925] [DEBUG] cheese - null
[2021-01-05T14:59:44.345] [DEBUG] cheese - login => username:5454,password:6+5+5
[2021-01-05T14:59:44.345] [DEBUG] cheese - 5454
[2021-01-05T14:59:44.357] [DEBUG] cheese - null
[2021-01-05T14:59:44.357] [DEBUG] cheese - null
[2021-01-05T14:59:45.664] [DEBUG] cheese - login => username:5454,password:6+5+5
[2021-01-05T14:59:45.668] [DEBUG] cheese - 5454
[2021-01-05T14:59:45.670] [DEBUG] cheese - null
[2021-01-05T14:59:45.670] [DEBUG] cheese - null
[2021-01-05T14:59:47.222] [DEBUG] cheese - login => username:5454,password:6+5+5
[2021-01-05T14:59:47.222] [DEBUG] cheese - 5454
[2021-01-05T14:59:47.224] [DEBUG] cheese - null
[2021-01-05T14:59:47.225] [DEBUG] cheese - null
[2021-01-05T15:26:54.993] [DEBUG] cheese - login => username:admin,password:123
[2021-01-05T15:26:54.993] [DEBUG] cheese - admin
[2021-01-05T15:26:55.020] [DEBUG] cheese - null
[2021-01-05T15:26:55.020] [DEBUG] cheese - null
[2021-01-05T15:27:12.233] [DEBUG] cheese - login => username:admin,password:123456
[2021-01-05T15:27:12.233] [DEBUG] cheese - admin
[2021-01-05T15:27:12.243] [DEBUG] cheese - null
[2021-01-05T15:27:12.243] [DEBUG] cheese - null
[2021-01-05T16:13:58.419] [DEBUG] cheese - login => username:1213,password:262
[2021-01-05T16:13:58.431] [DEBUG] cheese - 1213
[2021-01-05T16:13:58.594] [DEBUG] cheese - null
[2021-01-05T16:13:58.595] [DEBUG] cheese - null
[2021-01-05T17:12:00.582] [DEBUG] cheese - login => username:admin,password:123456
[2021-01-05T17:12:00.591] [DEBUG] cheese - admin
[2021-01-05T17:12:00.760] [DEBUG] cheese - null
[2021-01-05T17:12:00.760] [DEBUG] cheese - null
[2021-01-05T17:17:23.105] [DEBUG] cheese - login => username:admin,password:123456
[2021-01-05T17:17:23.105] [DEBUG] cheese - admin
[2021-01-05T17:17:23.111] [DEBUG] cheese - null
[2021-01-05T17:17:23.112] [DEBUG] cheese - null
[2021-01-05T17:18:25.597] [DEBUG] cheese - login => username:fedf,password:fff
[2021-01-05T17:18:25.597] [DEBUG] cheese - fedf
[2021-01-05T17:18:25.598] [DEBUG] cheese - null
[2021-01-05T17:18:25.598] [DEBUG] cheese - null
[2021-01-05T17:20:08.718] [DEBUG] cheese - login => username:admin,password:123456
[2021-01-05T17:20:08.719] [DEBUG] cheese - admin
[2021-01-05T17:20:08.721] [DEBUG] cheese - null
[2021-01-05T17:20:08.721] [DEBUG] cheese - null
[2021-01-05T17:24:29.555] [DEBUG] cheese - login => username:admin,password:123456
[2021-01-05T17:24:29.556] [DEBUG] cheese - admin
[2021-01-05T17:24:29.562] [DEBUG] cheese - null
[2021-01-05T17:24:29.562] [DEBUG] cheese - null
[2021-01-05T17:36:09.683] [DEBUG] cheese - login => username:46545,password:sdsfddcc
[2021-01-05T17:36:09.684] [DEBUG] cheese - 46545
[2021-01-05T17:36:09.693] [DEBUG] cheese - null
[2021-01-05T17:36:09.694] [DEBUG] cheese - null
[2021-01-05T17:36:18.340] [DEBUG] cheese - login => username:admin,password:sdsfddcc
[2021-01-05T17:36:18.340] [DEBUG] cheese - admin
[2021-01-05T17:36:18.343] [DEBUG] cheese - null
[2021-01-05T17:36:18.344] [DEBUG] cheese - null
[2021-01-05T17:48:09.674] [DEBUG] cheese - login => username:admin,password:123456
[2021-01-05T17:48:09.674] [DEBUG] cheese - admin
[2021-01-05T17:48:09.684] [DEBUG] cheese - null
[2021-01-05T17:48:09.684] [DEBUG] cheese - null
[2021-01-07T08:30:49.007] [DEBUG] cheese - login => username:admin,password:123456
[2021-01-07T08:30:49.011] [DEBUG] cheese - admin
[2021-01-07T08:30:49.046] [DEBUG] cheese - null
[2021-01-07T08:30:49.046] [DEBUG] cheese - null
[2021-01-07T18:11:20.296] [DEBUG] cheese - login => username:admin,password:123456
[2021-01-07T18:11:20.304] [DEBUG] cheese - admin
[2021-01-07T18:11:20.336] [DEBUG] cheese - null
[2021-01-07T18:11:20.336] [DEBUG] cheese - null
[2021-01-08T08:33:13.377] [DEBUG] cheese - login => username:admin,password:123456
[2021-01-08T08:33:13.378] [DEBUG] cheese - admin
[2021-01-08T08:33:13.421] [DEBUG] cheese - null
[2021-01-08T08:33:13.422] [DEBUG] cheese - null
